<?xml version="1.0" encoding="UTF-8"?>
<!-- Generated by org.testng.reporters.JUnitReportReporter -->
<testsuite hostname="LAPTOP-SAPACB4E" failures="0" tests="1" name="Testcases.DateOfBirthTC" time="10.344" errors="0" timestamp="2022-11-30T20:21:16 IST" skipped="0">
  <testcase classname="Testcases.DateOfBirthTC" name="dateOfBirthFacebook" time="10.344"/>
  <system-out/>
</testsuite> <!-- Testcases.DateOfBirthTC -->
