<?xml version="1.0" encoding="UTF-8"?>
<!-- Generated by org.testng.reporters.JUnitReportReporter -->
<testsuite hostname="LAPTOP-SAPACB4E" failures="0" tests="1" name="Testcases.SearchAfterForgotPassword" time="20.617" errors="0" timestamp="2022-11-30T19:35:20 IST" skipped="0">
  <testcase classname="Testcases.SearchAfterForgotPassword" name="checkForgotSearchFunctionality" time="20.617"/>
  <system-out/>
</testsuite> <!-- Testcases.SearchAfterForgotPassword -->
