<?xml version="1.0" encoding="UTF-8"?>
<!-- Generated by org.testng.reporters.JUnitReportReporter -->
<testsuite hostname="LAPTOP-SAPACB4E" failures="0" tests="1" name="Testcases.CreateNewAccount" time="9.581" errors="0" timestamp="2022-11-30T19:03:45 IST" skipped="0">
  <testcase classname="Testcases.CreateNewAccount" name="createNewButton" time="9.581"/>
  <system-out/>
</testsuite> <!-- Testcases.CreateNewAccount -->
