<?xml version="1.0" encoding="UTF-8"?>
<!-- Generated by org.testng.reporters.JUnitReportReporter -->
<testsuite hostname="LAPTOP-SAPACB4E" failures="0" tests="1" name="Testcases.ForgotPassword" time="7.009" errors="0" timestamp="2022-11-30T19:03:45 IST" skipped="0">
  <testcase classname="Testcases.ForgotPassword" name="forgotPasswordText" time="7.009"/>
  <system-out/>
</testsuite> <!-- Testcases.ForgotPassword -->
