<?xml version="1.0" encoding="UTF-8"?>
<!-- Generated by org.testng.reporters.JUnitReportReporter -->
<testsuite hostname="LAPTOP-SAPACB4E" failures="0" tests="4" name="Testcases.CreateNewButtonTC" time="26.883" errors="0" timestamp="2022-11-28T14:02:08 IST" skipped="0">
  <testcase classname="Testcases.CreateNewButtonTC" name="loginCheck" time="6.349"/>
  <system-out/>
  <testcase classname="Testcases.CreateNewButtonTC" name="loginCheck" time="7.780"/>
  <system-out/>
  <testcase classname="Testcases.CreateNewButtonTC" name="loginCheck" time="6.271"/>
  <system-out/>
  <testcase classname="Testcases.CreateNewButtonTC" name="loginCheck" time="6.483"/>
  <system-out/>
</testsuite> <!-- Testcases.CreateNewButtonTC -->
