<?xml version="1.0" encoding="UTF-8"?>
<!-- Generated by org.testng.reporters.JUnitReportReporter -->
<testsuite hostname="LAPTOP-SAPACB4E" failures="0" tests="4" name="Testcases.LoginCheck" time="92.853" errors="0" timestamp="2022-11-30T19:03:45 IST" skipped="0">
  <testcase classname="Testcases.LoginCheck" name="loginCheck" time="20.100"/>
  <system-out/>
  <testcase classname="Testcases.LoginCheck" name="loginCheck" time="10.724"/>
  <system-out/>
  <testcase classname="Testcases.LoginCheck" name="loginCheck" time="8.197"/>
  <system-out/>
  <testcase classname="Testcases.LoginCheck" name="loginCheck" time="53.832"/>
  <system-out/>
</testsuite> <!-- Testcases.LoginCheck -->
