<?xml version="1.0" encoding="UTF-8"?>
<!-- Generated by org.testng.reporters.JUnitReportReporter -->
<testsuite hostname="LAPTOP-SAPACB4E" failures="0" tests="1" name="FirstMavenProject.ReadExcel" time="0.714" errors="0" timestamp="2022-11-22T20:32:47 IST" skipped="0">
  <testcase classname="FirstMavenProject.ReadExcel" name="readDataFromExcel" time="0.714"/>
  <system-out/>
</testsuite> <!-- FirstMavenProject.ReadExcel -->
